<?xml version="1.0" encoding="UTF-8"?>
<!-- Generated by org.testng.reporters.JUnitReportReporter -->
<testsuite hostname="LTIN184278" failures="0" tests="1" name="testCases.TC_3_33_LoanTenureCalculator_IntegressionTestingForInterestRateTextBoxAndSlider" time="1.791" errors="0" timestamp="2024-03-21T08:52:26 IST" skipped="0">
  <testcase classname="testCases.TC_3_33_LoanTenureCalculator_IntegressionTestingForInterestRateTextBoxAndSlider" name="validateDataFlowBetweenInterestRateSliderAndTextBox" time="1.791"/>
</testsuite> <!-- testCases.TC_3_33_LoanTenureCalculator_IntegressionTestingForInterestRateTextBoxAndSlider -->
