<?xml version="1.0" encoding="UTF-8"?>
<!-- Generated by org.testng.reporters.JUnitReportReporter -->
<testsuite hostname="LTIN184278" failures="0" tests="1" name="testCases.TC_3_20_LoanAmtCalculator_ValidatingLoanTenureSlider" time="0.689" errors="0" timestamp="2024-03-21T08:52:26 IST" skipped="0">
  <testcase classname="testCases.TC_3_20_LoanAmtCalculator_ValidatingLoanTenureSlider" name="validateLoanTenureSlider" time="0.689"/>
</testsuite> <!-- testCases.TC_3_20_LoanAmtCalculator_ValidatingLoanTenureSlider -->
