<?xml version="1.0" encoding="UTF-8"?>
<!-- Generated by org.testng.reporters.JUnitReportReporter -->
<testsuite hostname="LTIN184278" failures="0" tests="1" name="testCases.TC_3_09_EMICalculator_IntegressionTestingForLoanTenureTextBoxAndSlider" time="1.908" errors="0" timestamp="2024-03-21T08:52:26 IST" skipped="0">
  <testcase classname="testCases.TC_3_09_EMICalculator_IntegressionTestingForLoanTenureTextBoxAndSlider" name="validatingDataFlowBetweenLoanTenureSliderAndTextBox" time="1.908"/>
</testsuite> <!-- testCases.TC_3_09_EMICalculator_IntegressionTestingForLoanTenureTextBoxAndSlider -->
